
Loading checkpoint shards:   0%|          | 0/2 [00:00<?, ?it/s]
Loading checkpoint shards:  50%|█████     | 1/2 [00:04<00:04,  4.87s/it]
Loading checkpoint shards: 100%|██████████| 2/2 [00:05<00:00,  2.63s/it]
Loading checkpoint shards: 100%|██████████| 2/2 [00:05<00:00,  2.97s/it]
Device set to use cuda:6

Generating reviews:   0%|          | 0/1822 [00:00<?, ? examples/s]Asking to truncate to max_length but no maximum length is provided and the model has no predefined maximum length. Default to no truncation.
/home/caizijing/miniconda3/envs/ai/lib/python3.11/site-packages/transformers/generation/configuration_utils.py:628: UserWarning: `do_sample` is set to `False`. However, `temperature` is set to `0.6` -- this flag is only used in sample-based generation modes. You should set `do_sample=True` or unset `temperature`.
  warnings.warn(
/home/caizijing/miniconda3/envs/ai/lib/python3.11/site-packages/transformers/generation/configuration_utils.py:633: UserWarning: `do_sample` is set to `False`. However, `top_p` is set to `0.9` -- this flag is only used in sample-based generation modes. You should set `do_sample=True` or unset `top_p`.
  warnings.warn(

Generating reviews:   1%|          | 16/1822 [04:52<9:10:14, 18.28s/ examples]
Generating reviews:   2%|▏         | 32/1822 [09:05<8:21:36, 16.81s/ examples]
Generating reviews:   3%|▎         | 48/1822 [13:26<8:10:28, 16.59s/ examples]
Generating reviews:   4%|▎         | 64/1822 [17:53<8:07:39, 16.64s/ examples]
Generating reviews:   4%|▍         | 80/1822 [22:00<7:50:12, 16.20s/ examples]
Generating reviews:   5%|▌         | 96/1822 [26:30<7:52:50, 16.44s/ examples]
Generating reviews:   6%|▌         | 112/1822 [30:48<7:45:40, 16.34s/ examples]
Generating reviews:   7%|▋         | 128/1822 [35:10<7:41:14, 16.34s/ examples]
Generating reviews:   8%|▊         | 144/1822 [39:32<7:37:31, 16.36s/ examples]
Generating reviews:   9%|▉         | 160/1822 [43:59<7:35:57, 16.46s/ examples]You seem to be using the pipelines sequentially on GPU. In order to maximize efficiency please use a dataset

Generating reviews:  10%|▉         | 176/1822 [48:09<7:24:11, 16.19s/ examples]
Generating reviews:  11%|█         | 192/1822 [52:38<7:24:56, 16.38s/ examples]
Generating reviews:  11%|█▏        | 208/1822 [56:57<7:19:23, 16.33s/ examples]
Generating reviews:  12%|█▏        | 224/1822 [1:01:15<7:13:01, 16.26s/ examples]
Generating reviews:  13%|█▎        | 240/1822 [1:05:37<7:10:01, 16.31s/ examples]
Generating reviews:  14%|█▍        | 256/1822 [1:09:56<7:04:16, 16.26s/ examples]
Generating reviews:  15%|█▍        | 272/1822 [1:13:23<6:34:26, 15.27s/ examples]
Generating reviews:  16%|█▌        | 288/1822 [1:17:44<6:38:20, 15.58s/ examples]
Generating reviews:  17%|█▋        | 304/1822 [1:22:14<6:43:54, 15.96s/ examples]
Generating reviews:  18%|█▊        | 320/1822 [1:26:03<6:27:17, 15.47s/ examples]
Generating reviews:  18%|█▊        | 336/1822 [1:30:56<6:44:12, 16.32s/ examples]
Generating reviews:  19%|█▉        | 352/1822 [1:35:11<6:37:02, 16.21s/ examples]
Generating reviews:  20%|██        | 368/1822 [1:39:24<6:29:55, 16.09s/ examples]
Generating reviews:  21%|██        | 384/1822 [1:44:00<6:33:55, 16.44s/ examples]
Generating reviews:  22%|██▏       | 400/1822 [1:47:52<6:15:45, 15.85s/ examples]
Generating reviews:  23%|██▎       | 416/1822 [1:51:54<6:06:25, 15.64s/ examples]
Generating reviews:  24%|██▎       | 432/1822 [1:56:24<6:10:57, 16.01s/ examples]
Generating reviews:  25%|██▍       | 448/1822 [2:00:26<6:00:44, 15.75s/ examples]
Generating reviews:  25%|██▌       | 464/1822 [2:04:47<6:00:08, 15.91s/ examples]
Generating reviews:  26%|██▋       | 480/1822 [2:09:12<6:00:13, 16.11s/ examples]
Generating reviews:  27%|██▋       | 496/1822 [2:14:07<6:11:37, 16.82s/ examples]
Generating reviews:  28%|██▊       | 512/1822 [2:18:48<6:11:43, 17.03s/ examples]
Generating reviews:  29%|██▉       | 528/1822 [2:22:18<5:42:11, 15.87s/ examples]
Generating reviews:  30%|██▉       | 544/1822 [2:26:24<5:34:47, 15.72s/ examples]
Generating reviews:  31%|███       | 560/1822 [2:29:58<5:15:51, 15.02s/ examples]
Generating reviews:  32%|███▏      | 576/1822 [2:33:45<5:06:36, 14.76s/ examples]
Generating reviews:  32%|███▏      | 592/1822 [2:37:51<5:06:35, 14.96s/ examples]
Generating reviews:  33%|███▎      | 608/1822 [2:41:44<5:00:02, 14.83s/ examples]
Generating reviews:  34%|███▍      | 624/1822 [2:45:40<4:55:35, 14.80s/ examples]
Generating reviews:  35%|███▌      | 640/1822 [2:49:51<4:56:53, 15.07s/ examples]
Generating reviews:  36%|███▌      | 656/1822 [2:53:36<4:47:05, 14.77s/ examples]
Generating reviews:  37%|███▋      | 672/1822 [2:57:54<4:50:46, 15.17s/ examples]
Generating reviews:  38%|███▊      | 688/1822 [3:01:51<4:44:51, 15.07s/ examples]
Generating reviews:  39%|███▊      | 704/1822 [3:05:38<4:35:36, 14.79s/ examples]
Generating reviews:  40%|███▉      | 720/1822 [3:09:39<4:33:13, 14.88s/ examples]
Generating reviews:  40%|████      | 736/1822 [3:14:29<4:47:07, 15.86s/ examples]
Generating reviews:  41%|████▏     | 752/1822 [3:18:20<4:35:00, 15.42s/ examples]
Generating reviews:  42%|████▏     | 768/1822 [3:22:10<4:25:37, 15.12s/ examples]
Generating reviews:  43%|████▎     | 784/1822 [3:26:29<4:27:01, 15.44s/ examples]
Generating reviews:  44%|████▍     | 800/1822 [3:30:03<4:12:19, 14.81s/ examples]
Generating reviews:  45%|████▍     | 816/1822 [3:33:43<4:02:57, 14.49s/ examples]
Generating reviews:  46%|████▌     | 832/1822 [3:37:42<4:01:20, 14.63s/ examples]
Generating reviews:  47%|████▋     | 848/1822 [3:41:34<3:56:46, 14.59s/ examples]
Generating reviews:  47%|████▋     | 864/1822 [3:46:03<4:03:37, 15.26s/ examples]
Generating reviews:  48%|████▊     | 880/1822 [3:50:20<4:03:21, 15.50s/ examples]
Generating reviews:  49%|████▉     | 896/1822 [3:54:44<4:03:58, 15.81s/ examples]
Generating reviews:  50%|█████     | 912/1822 [3:59:12<4:04:03, 16.09s/ examples]
Generating reviews:  51%|█████     | 928/1822 [4:03:41<4:02:59, 16.31s/ examples]
Generating reviews:  52%|█████▏    | 944/1822 [4:07:39<3:52:17, 15.87s/ examples]
Generating reviews:  53%|█████▎    | 960/1822 [4:12:50<4:03:24, 16.94s/ examples]
Generating reviews:  54%|█████▎    | 976/1822 [4:17:02<3:53:50, 16.58s/ examples]
Generating reviews:  54%|█████▍    | 992/1822 [4:21:01<3:42:30, 16.09s/ examples]
Generating reviews:  55%|█████▌    | 1008/1822 [4:24:57<3:32:43, 15.68s/ examples]
Generating reviews:  56%|█████▌    | 1024/1822 [4:29:13<3:29:58, 15.79s/ examples]
Generating reviews:  57%|█████▋    | 1040/1822 [4:32:59<3:19:12, 15.28s/ examples]
Generating reviews:  58%|█████▊    | 1056/1822 [4:37:05<3:15:28, 15.31s/ examples]
Generating reviews:  59%|█████▉    | 1072/1822 [4:41:14<3:12:27, 15.40s/ examples]
Generating reviews:  60%|█████▉    | 1088/1822 [4:45:08<3:05:24, 15.16s/ examples]
Generating reviews:  61%|██████    | 1104/1822 [4:49:24<3:04:20, 15.40s/ examples]
Generating reviews:  61%|██████▏   | 1120/1822 [4:54:00<3:06:40, 15.96s/ examples]
Generating reviews:  62%|██████▏   | 1136/1822 [4:57:30<2:52:48, 15.11s/ examples]
Generating reviews:  63%|██████▎   | 1152/1822 [5:01:44<2:51:21, 15.35s/ examples]
Generating reviews:  64%|██████▍   | 1168/1822 [5:05:42<2:45:42, 15.20s/ examples]
Generating reviews:  65%|██████▍   | 1184/1822 [5:09:06<2:33:46, 14.46s/ examples]
Generating reviews:  66%|██████▌   | 1200/1822 [5:13:40<2:38:17, 15.27s/ examples]
Generating reviews:  67%|██████▋   | 1216/1822 [5:18:37<2:44:06, 16.25s/ examples]
Generating reviews:  68%|██████▊   | 1232/1822 [5:23:07<2:41:38, 16.44s/ examples]
Generating reviews:  68%|██████▊   | 1248/1822 [5:26:09<2:22:44, 14.92s/ examples]
Generating reviews:  69%|██████▉   | 1264/1822 [5:30:02<2:17:43, 14.81s/ examples]
Generating reviews:  70%|███████   | 1280/1822 [5:34:01<2:14:14, 14.86s/ examples]
Generating reviews:  71%|███████   | 1296/1822 [5:38:36<2:16:24, 15.56s/ examples]
Generating reviews:  72%|███████▏  | 1312/1822 [5:42:30<2:09:44, 15.26s/ examples]
Generating reviews:  73%|███████▎  | 1328/1822 [5:46:02<2:00:43, 14.66s/ examples]
Generating reviews:  74%|███████▍  | 1344/1822 [5:49:37<1:53:57, 14.30s/ examples]
Generating reviews:  75%|███████▍  | 1360/1822 [5:54:01<1:55:06, 14.95s/ examples]
Generating reviews:  76%|███████▌  | 1376/1822 [5:58:10<1:52:31, 15.14s/ examples]
Generating reviews:  76%|███████▋  | 1392/1822 [6:02:17<1:49:08, 15.23s/ examples]
Generating reviews:  77%|███████▋  | 1408/1822 [6:06:07<1:43:16, 14.97s/ examples]
Generating reviews:  78%|███████▊  | 1424/1822 [6:10:30<1:42:16, 15.42s/ examples]
Generating reviews:  79%|███████▉  | 1440/1822 [6:14:31<1:37:25, 15.30s/ examples]
Generating reviews:  80%|███████▉  | 1456/1822 [6:18:19<1:31:28, 15.00s/ examples]
Generating reviews:  81%|████████  | 1472/1822 [6:22:52<1:31:04, 15.61s/ examples]
Generating reviews:  82%|████████▏ | 1488/1822 [6:26:26<1:23:07, 14.93s/ examples]
Generating reviews:  83%|████████▎ | 1504/1822 [6:30:31<1:19:46, 15.05s/ examples]
Generating reviews:  83%|████████▎ | 1520/1822 [6:34:52<1:17:42, 15.44s/ examples]
Generating reviews:  84%|████████▍ | 1536/1822 [6:38:45<1:12:18, 15.17s/ examples]
Generating reviews:  85%|████████▌ | 1552/1822 [6:42:32<1:06:58, 14.88s/ examples]
Generating reviews:  86%|████████▌ | 1568/1822 [6:47:11<1:06:14, 15.65s/ examples]
Generating reviews:  87%|████████▋ | 1584/1822 [6:51:46<1:03:52, 16.10s/ examples]
Generating reviews:  88%|████████▊ | 1600/1822 [6:56:28<1:01:15, 16.55s/ examples]
Generating reviews:  89%|████████▊ | 1616/1822 [7:01:03<57:31, 16.75s/ examples]  
Generating reviews:  90%|████████▉ | 1632/1822 [7:05:15<52:04, 16.45s/ examples]
Generating reviews:  90%|█████████ | 1648/1822 [7:08:43<44:40, 15.41s/ examples]
Generating reviews:  91%|█████████▏| 1664/1822 [7:12:36<39:54, 15.16s/ examples]
Generating reviews:  92%|█████████▏| 1680/1822 [7:16:36<35:45, 15.11s/ examples]
Generating reviews:  93%|█████████▎| 1696/1822 [7:21:17<33:18, 15.86s/ examples]
Generating reviews:  94%|█████████▍| 1712/1822 [7:24:28<26:54, 14.68s/ examples]
Generating reviews:  95%|█████████▍| 1728/1822 [7:28:54<23:54, 15.26s/ examples]
Generating reviews:  96%|█████████▌| 1744/1822 [7:32:44<19:29, 14.99s/ examples]
Generating reviews:  97%|█████████▋| 1760/1822 [7:36:58<15:46, 15.26s/ examples]
Generating reviews:  97%|█████████▋| 1776/1822 [7:41:15<11:53, 15.51s/ examples]
Generating reviews:  98%|█████████▊| 1792/1822 [7:44:44<07:23, 14.77s/ examples]
Generating reviews:  99%|█████████▉| 1808/1822 [7:49:27<03:38, 15.63s/ examples]
Generating reviews: 100%|██████████| 1822/1822 [7:53:05<00:00, 15.63s/ examples]
Generating reviews: 100%|██████████| 1822/1822 [7:53:05<00:00, 15.58s/ examples]

Average ROUGE-L: 0.1399
Average METEOR: 0.1593