nohup: ignoring input

Loading checkpoint shards:   0%|          | 0/2 [00:00<?, ?it/s]
Loading checkpoint shards:  50%|█████     | 1/2 [00:05<00:05,  5.26s/it]
Loading checkpoint shards: 100%|██████████| 2/2 [00:06<00:00,  2.88s/it]
Loading checkpoint shards: 100%|██████████| 2/2 [00:06<00:00,  3.24s/it]
Device set to use cuda:3

Generating RAG-based reviews:   0%|          | 0/1822 [00:00<?, ? examples/s]Asking to truncate to max_length but no maximum length is provided and the model has no predefined maximum length. Default to no truncation.
/home/caizijing/miniconda3/envs/ai/lib/python3.11/site-packages/transformers/generation/configuration_utils.py:628: UserWarning: `do_sample` is set to `False`. However, `temperature` is set to `0.6` -- this flag is only used in sample-based generation modes. You should set `do_sample=True` or unset `temperature`.
  warnings.warn(
/home/caizijing/miniconda3/envs/ai/lib/python3.11/site-packages/transformers/generation/configuration_utils.py:633: UserWarning: `do_sample` is set to `False`. However, `top_p` is set to `0.9` -- this flag is only used in sample-based generation modes. You should set `do_sample=True` or unset `top_p`.
  warnings.warn(

Generating RAG-based reviews:   1%|          | 16/1822 [04:58<9:21:23, 18.65s/ examples]
Generating RAG-based reviews:   2%|▏         | 32/1822 [09:58<9:18:47, 18.73s/ examples]
Generating RAG-based reviews:   3%|▎         | 48/1822 [14:22<8:43:25, 17.70s/ examples]
Generating RAG-based reviews:   4%|▎         | 64/1822 [18:55<8:30:52, 17.44s/ examples]This is a friendly reminder - the current text generation call will exceed the model's predefined maximum length (4096). Depending on the model, you may observe exceptions, performance degradation, or nothing at all.

Generating RAG-based reviews:   4%|▍         | 80/1822 [23:45<8:33:35, 17.69s/ examples]
Generating RAG-based reviews:   5%|▌         | 96/1822 [27:56<8:09:38, 17.02s/ examples]
Generating RAG-based reviews:   6%|▌         | 112/1822 [32:21<8:00:51, 16.87s/ examples]
Generating RAG-based reviews:   7%|▋         | 128/1822 [37:51<8:29:37, 18.05s/ examples]
Generating RAG-based reviews:   8%|▊         | 144/1822 [42:04<8:05:38, 17.36s/ examples]
Generating RAG-based reviews:   9%|▉         | 160/1822 [46:08<7:42:47, 16.71s/ examples]You seem to be using the pipelines sequentially on GPU. In order to maximize efficiency please use a dataset

Generating RAG-based reviews:  10%|▉         | 176/1822 [50:33<7:37:07, 16.66s/ examples]
Generating RAG-based reviews:  11%|█         | 192/1822 [54:56<7:30:56, 16.60s/ examples]
Generating RAG-based reviews:  11%|█▏        | 208/1822 [1:00:06<7:48:53, 17.43s/ examples]
Generating RAG-based reviews:  12%|█▏        | 224/1822 [1:05:21<8:02:19, 18.11s/ examples]
Generating RAG-based reviews:  13%|█▎        | 240/1822 [1:08:06<6:55:27, 15.76s/ examples]
Generating RAG-based reviews:  14%|█▍        | 256/1822 [1:11:53<6:39:09, 15.29s/ examples]
Generating RAG-based reviews:  15%|█▍        | 272/1822 [1:16:47<6:59:13, 16.23s/ examples]
Generating RAG-based reviews:  16%|█▌        | 288/1822 [1:20:21<6:32:35, 15.36s/ examples]
Generating RAG-based reviews:  17%|█▋        | 304/1822 [1:24:28<6:29:25, 15.39s/ examples]
Generating RAG-based reviews:  18%|█▊        | 320/1822 [1:28:33<6:24:44, 15.37s/ examples]
Generating RAG-based reviews:  18%|█▊        | 336/1822 [1:31:33<5:50:03, 14.13s/ examples]
Generating RAG-based reviews:  19%|█▉        | 352/1822 [1:35:46<5:58:34, 14.64s/ examples]
Generating RAG-based reviews:  20%|██        | 368/1822 [1:40:12<6:09:08, 15.23s/ examples]
Generating RAG-based reviews:  21%|██        | 384/1822 [1:44:39<6:15:24, 15.66s/ examples]
Generating RAG-based reviews:  22%|██▏       | 400/1822 [1:49:12<6:21:07, 16.08s/ examples]
Generating RAG-based reviews:  23%|██▎       | 416/1822 [1:53:11<6:08:48, 15.74s/ examples]
Generating RAG-based reviews:  24%|██▎       | 432/1822 [1:56:08<5:32:15, 14.34s/ examples]
Generating RAG-based reviews:  25%|██▍       | 448/1822 [2:00:19<5:37:29, 14.74s/ examples]
Generating RAG-based reviews:  25%|██▌       | 464/1822 [2:04:31<5:40:39, 15.05s/ examples]
Generating RAG-based reviews:  26%|██▋       | 480/1822 [2:07:45<5:16:42, 14.16s/ examples]
Generating RAG-based reviews:  27%|██▋       | 496/1822 [2:12:50<5:45:29, 15.63s/ examples]
Generating RAG-based reviews:  28%|██▊       | 512/1822 [2:18:18<6:13:10, 17.09s/ examples]
Generating RAG-based reviews:  29%|██▉       | 528/1822 [2:23:32<6:25:00, 17.85s/ examples]
Generating RAG-based reviews:  30%|██▉       | 544/1822 [2:29:07<6:40:10, 18.79s/ examples]
Generating RAG-based reviews:  31%|███       | 560/1822 [2:35:11<7:00:09, 19.98s/ examples]
Generating RAG-based reviews:  32%|███▏      | 576/1822 [2:38:13<6:01:14, 17.40s/ examples]
Generating RAG-based reviews:  32%|███▏      | 592/1822 [2:42:04<5:38:29, 16.51s/ examples]
Generating RAG-based reviews:  33%|███▎      | 608/1822 [2:46:16<5:29:21, 16.28s/ examples]
Generating RAG-based reviews:  34%|███▍      | 624/1822 [2:50:04<5:12:44, 15.66s/ examples]
Generating RAG-based reviews:  35%|███▌      | 640/1822 [2:53:48<4:58:42, 15.16s/ examples]
Generating RAG-based reviews:  36%|███▌      | 656/1822 [2:57:23<4:44:37, 14.65s/ examples]
Generating RAG-based reviews:  37%|███▋      | 672/1822 [3:01:12<4:38:51, 14.55s/ examples]
Generating RAG-based reviews:  38%|███▊      | 688/1822 [3:06:09<4:57:50, 15.76s/ examples]
Generating RAG-based reviews:  39%|███▊      | 704/1822 [3:09:31<4:35:57, 14.81s/ examples]
Generating RAG-based reviews:  40%|███▉      | 720/1822 [3:13:32<4:33:30, 14.89s/ examples]
Generating RAG-based reviews:  40%|████      | 736/1822 [3:17:12<4:23:20, 14.55s/ examples]
Generating RAG-based reviews:  41%|████▏     | 752/1822 [3:22:33<4:49:03, 16.21s/ examples]
Generating RAG-based reviews:  42%|████▏     | 768/1822 [3:26:20<4:33:55, 15.59s/ examples]
Generating RAG-based reviews:  43%|████▎     | 784/1822 [3:30:59<4:39:24, 16.15s/ examples]
Generating RAG-based reviews:  44%|████▍     | 800/1822 [3:36:06<4:50:26, 17.05s/ examples]
Generating RAG-based reviews:  45%|████▍     | 816/1822 [3:39:12<4:18:35, 15.42s/ examples]
Generating RAG-based reviews:  46%|████▌     | 832/1822 [3:43:22<4:15:33, 15.49s/ examples]
Generating RAG-based reviews:  47%|████▋     | 848/1822 [3:46:45<3:58:00, 14.66s/ examples]
Generating RAG-based reviews:  47%|████▋     | 864/1822 [3:50:12<3:45:46, 14.14s/ examples]
Generating RAG-based reviews:  48%|████▊     | 880/1822 [3:54:44<3:55:22, 14.99s/ examples]
Generating RAG-based reviews:  49%|████▉     | 896/1822 [3:58:45<3:51:45, 15.02s/ examples]
Generating RAG-based reviews:  50%|█████     | 912/1822 [4:01:18<3:22:55, 13.38s/ examples]
Generating RAG-based reviews:  51%|█████     | 928/1822 [4:05:13<3:25:17, 13.78s/ examples]
Generating RAG-based reviews:  52%|█████▏    | 944/1822 [4:09:30<3:31:25, 14.45s/ examples]
Generating RAG-based reviews:  53%|█████▎    | 960/1822 [4:11:44<3:01:23, 12.63s/ examples]
Generating RAG-based reviews:  54%|█████▎    | 976/1822 [4:15:03<2:57:13, 12.57s/ examples]
Generating RAG-based reviews:  54%|█████▍    | 992/1822 [4:19:41<3:14:02, 14.03s/ examples]
Generating RAG-based reviews:  55%|█████▌    | 1008/1822 [4:24:13<3:22:24, 14.92s/ examples]
Generating RAG-based reviews:  56%|█████▌    | 1024/1822 [4:28:33<3:23:38, 15.31s/ examples]
Generating RAG-based reviews:  57%|█████▋    | 1040/1822 [4:33:25<3:30:56, 16.18s/ examples]
Generating RAG-based reviews:  58%|█████▊    | 1056/1822 [4:36:50<3:13:42, 15.17s/ examples]
Generating RAG-based reviews:  59%|█████▉    | 1072/1822 [4:42:09<3:27:42, 16.62s/ examples]
Generating RAG-based reviews:  60%|█████▉    | 1088/1822 [4:47:31<3:36:08, 17.67s/ examples]
Generating RAG-based reviews:  61%|██████    | 1104/1822 [4:51:56<3:27:23, 17.33s/ examples]
Generating RAG-based reviews:  61%|██████▏   | 1120/1822 [4:58:03<3:42:23, 19.01s/ examples]
Generating RAG-based reviews:  62%|██████▏   | 1136/1822 [5:01:12<3:12:44, 16.86s/ examples]
Generating RAG-based reviews:  63%|██████▎   | 1152/1822 [5:05:54<3:10:44, 17.08s/ examples]
Generating RAG-based reviews:  64%|██████▍   | 1168/1822 [5:09:31<2:54:48, 16.04s/ examples]
Generating RAG-based reviews:  65%|██████▍   | 1184/1822 [5:12:30<2:34:55, 14.57s/ examples]
Generating RAG-based reviews:  66%|██████▌   | 1200/1822 [5:16:40<2:34:18, 14.88s/ examples]
Generating RAG-based reviews:  67%|██████▋   | 1216/1822 [5:21:44<2:42:50, 16.12s/ examples]
Generating RAG-based reviews:  68%|██████▊   | 1232/1822 [5:26:52<2:47:44, 17.06s/ examples]
Generating RAG-based reviews:  68%|██████▊   | 1248/1822 [5:30:36<2:34:25, 16.14s/ examples]
Generating RAG-based reviews:  69%|██████▉   | 1264/1822 [5:33:27<2:14:59, 14.52s/ examples]
Generating RAG-based reviews:  70%|███████   | 1280/1822 [5:38:41<2:24:52, 16.04s/ examples]
Generating RAG-based reviews:  71%|███████   | 1296/1822 [5:43:24<2:25:01, 16.54s/ examples]
Generating RAG-based reviews:  72%|███████▏  | 1312/1822 [5:47:07<2:13:54, 15.75s/ examples]
Generating RAG-based reviews:  73%|███████▎  | 1328/1822 [5:51:47<2:14:04, 16.29s/ examples]
Generating RAG-based reviews:  74%|███████▍  | 1344/1822 [5:56:02<2:08:54, 16.18s/ examples]
Generating RAG-based reviews:  75%|███████▍  | 1360/1822 [6:01:17<2:12:34, 17.22s/ examples]
Generating RAG-based reviews:  76%|███████▌  | 1376/1822 [6:05:44<2:06:50, 17.06s/ examples]
Generating RAG-based reviews:  76%|███████▋  | 1392/1822 [6:09:53<1:59:06, 16.62s/ examples]
Generating RAG-based reviews:  77%|███████▋  | 1408/1822 [6:13:35<1:49:01, 15.80s/ examples]
Generating RAG-based reviews:  78%|███████▊  | 1424/1822 [6:16:30<1:35:03, 14.33s/ examples]
Generating RAG-based reviews:  79%|███████▉  | 1440/1822 [6:21:31<1:39:46, 15.67s/ examples]
Generating RAG-based reviews:  80%|███████▉  | 1456/1822 [6:33:47<2:31:11, 24.79s/ examples]
Generating RAG-based reviews:  81%|████████  | 1472/1822 [6:46:20<3:03:33, 31.47s/ examples]
Generating RAG-based reviews:  82%|████████▏ | 1488/1822 [7:00:00<3:28:10, 37.40s/ examples]
Generating RAG-based reviews:  83%|████████▎ | 1504/1822 [7:13:20<3:38:11, 41.17s/ examples]
Generating RAG-based reviews:  83%|████████▎ | 1520/1822 [7:26:10<3:37:47, 43.27s/ examples]
Generating RAG-based reviews:  84%|████████▍ | 1536/1822 [7:38:06<3:28:18, 43.70s/ examples]
Generating RAG-based reviews:  85%|████████▌ | 1552/1822 [7:50:25<3:20:03, 44.46s/ examples]
Generating RAG-based reviews:  86%|████████▌ | 1568/1822 [8:03:54<3:15:55, 46.28s/ examples]
Generating RAG-based reviews:  87%|████████▋ | 1584/1822 [8:18:03<3:11:40, 48.32s/ examples]
Generating RAG-based reviews:  88%|████████▊ | 1600/1822 [8:22:51<2:25:06, 39.22s/ examples]
Generating RAG-based reviews:  89%|████████▊ | 1616/1822 [8:26:38<1:48:50, 31.70s/ examples]
Generating RAG-based reviews:  90%|████████▉ | 1632/1822 [8:32:18<1:30:30, 28.58s/ examples]
Generating RAG-based reviews:  90%|█████████ | 1648/1822 [8:35:19<1:07:50, 23.39s/ examples]
Generating RAG-based reviews:  91%|█████████▏| 1664/1822 [8:39:13<54:40, 20.76s/ examples]  
Generating RAG-based reviews:  92%|█████████▏| 1680/1822 [8:43:52<46:45, 19.76s/ examples]
Generating RAG-based reviews:  93%|█████████▎| 1696/1822 [8:46:46<35:56, 17.11s/ examples]
Generating RAG-based reviews:  94%|█████████▍| 1712/1822 [8:50:29<29:36, 16.15s/ examples]
Generating RAG-based reviews:  95%|█████████▍| 1728/1822 [8:54:55<25:31, 16.29s/ examples]
Generating RAG-based reviews:  96%|█████████▌| 1744/1822 [8:57:52<19:08, 14.72s/ examples]
Generating RAG-based reviews:  97%|█████████▋| 1760/1822 [9:01:54<15:20, 14.84s/ examples]
Generating RAG-based reviews:  97%|█████████▋| 1776/1822 [9:05:50<11:21, 14.81s/ examples]
Generating RAG-based reviews:  98%|█████████▊| 1792/1822 [9:09:00<06:57, 13.93s/ examples]
Generating RAG-based reviews:  99%|█████████▉| 1808/1822 [9:12:53<03:17, 14.13s/ examples]
Generating RAG-based reviews: 100%|██████████| 1822/1822 [9:16:16<00:00, 14.23s/ examples]
Generating RAG-based reviews: 100%|██████████| 1822/1822 [9:16:16<00:00, 18.32s/ examples]
Average ROUGE-L: 0.0712
Average METEOR: 0.0710