
Loading checkpoint shards:   0%|          | 0/2 [00:00<?, ?it/s]
Loading checkpoint shards:  50%|█████     | 1/2 [00:05<00:05,  5.01s/it]
Loading checkpoint shards: 100%|██████████| 2/2 [00:06<00:00,  2.73s/it]
Loading checkpoint shards: 100%|██████████| 2/2 [00:06<00:00,  3.08s/it]

Generating personalized review:   0%|          | 0/10 [00:00<?, ?it/s]/home/caizijing/miniconda3/envs/ai/lib/python3.11/site-packages/transformers/generation/configuration_utils.py:628: UserWarning: `do_sample` is set to `False`. However, `temperature` is set to `0.6` -- this flag is only used in sample-based generation modes. You should set `do_sample=True` or unset `temperature`.
  warnings.warn(
/home/caizijing/miniconda3/envs/ai/lib/python3.11/site-packages/transformers/generation/configuration_utils.py:633: UserWarning: `do_sample` is set to `False`. However, `top_p` is set to `0.9` -- this flag is only used in sample-based generation modes. You should set `do_sample=True` or unset `top_p`.
  warnings.warn(
/home/caizijing/StyleVector/style_personalized.py:93: UserWarning: To copy construct from a tensor, it is recommended to use sourceTensor.clone().detach() or sourceTensor.clone().detach().requires_grad_(True), rather than torch.tensor(sourceTensor).
  style_vector_tensor = torch.tensor(alpha * style_vector, dtype=model.dtype).to(device)

Generating personalized review:  10%|█         | 1/10 [2:44:32<24:40:51, 9872.38s/it]
Generating personalized review:  20%|██        | 2/10 [2:49:21<9:24:40, 4235.02s/it] 
Generating personalized review:  30%|███       | 3/10 [3:03:21<5:13:15, 2685.05s/it]
Generating personalized review:  40%|████      | 4/10 [3:06:51<2:50:47, 1707.89s/it]
Generating personalized review:  50%|█████     | 5/10 [3:13:30<1:42:58, 1235.77s/it]
Generating personalized review:  60%|██████    | 6/10 [3:23:51<1:08:26, 1026.67s/it]
Generating personalized review:  70%|███████   | 7/10 [3:35:17<45:45, 915.28s/it]   
Generating personalized review:  80%|████████  | 8/10 [3:41:11<24:33, 736.86s/it]
Generating personalized review:  90%|█████████ | 9/10 [4:10:35<17:37, 1057.82s/it]
Generating personalized review: 100%|██████████| 10/10 [4:17:13<00:00, 854.14s/it]
Generating personalized review: 100%|██████████| 10/10 [4:17:13<00:00, 1543.36s/it]
结果已保存到 stylevector_results.txt

Average ROUGE-L: 0.1405
Average METEOR: 0.1653